2021-09-09 18:16:12,856 - tensorflow - WARNING - From C:\Users\Admin\AppData\Local\Programs\Python\Python37\lib\site-packages\tensorflow\python\ops\math_grad.py:1250: add_dispatch_support.<locals>.wrapper (from tensorflow.python.ops.array_ops) is deprecated and will be removed in a future version.
Instructions for updating:
Use tf.where in 2.0, which has the same broadcast rule as np.where
2021-09-09 18:16:13,619 - tensorflow - WARNING - From C:\Users\Admin\AppData\Local\Programs\Python\Python37\lib\site-packages\keras\backend\tensorflow_backend.py:422: The name tf.global_variables is deprecated. Please use tf.compat.v1.global_variables instead.

2021-09-09 18:21:52,638 - pyswarms.discrete.binary - INFO - Optimize for 2 iters with {'c1': 0.5, 'c2': 0.5, 'w': 0.9, 'k': 5, 'p': 2}
2021-09-09 18:24:49,622 - pyswarms.discrete.binary - INFO - Optimization finished | best cost: -0.04740339029081311, best pos: [1 0 1 ... 1 1 1]
2021-09-09 18:28:49,579 - tensorflow - WARNING - From C:\Users\Admin\AppData\Local\Programs\Python\Python37\lib\site-packages\tensorflow\python\ops\math_grad.py:1250: add_dispatch_support.<locals>.wrapper (from tensorflow.python.ops.array_ops) is deprecated and will be removed in a future version.
Instructions for updating:
Use tf.where in 2.0, which has the same broadcast rule as np.where
2021-09-09 18:28:50,621 - tensorflow - WARNING - From C:\Users\Admin\AppData\Local\Programs\Python\Python37\lib\site-packages\keras\backend\tensorflow_backend.py:422: The name tf.global_variables is deprecated. Please use tf.compat.v1.global_variables instead.

2021-09-09 18:37:46,153 - pyswarms.discrete.binary - INFO - Optimize for 2 iters with {'c1': 0.5, 'c2': 0.5, 'w': 0.9, 'k': 5, 'p': 2}
2021-09-09 18:40:51,654 - pyswarms.discrete.binary - INFO - Optimization finished | best cost: -0.042502437321842085, best pos: [1 0 1 ... 1 1 0]
2021-09-09 18:46:04,720 - tensorflow - WARNING - From C:\Users\Admin\AppData\Local\Programs\Python\Python37\lib\site-packages\tensorflow\python\ops\math_grad.py:1250: add_dispatch_support.<locals>.wrapper (from tensorflow.python.ops.array_ops) is deprecated and will be removed in a future version.
Instructions for updating:
Use tf.where in 2.0, which has the same broadcast rule as np.where
2021-09-09 18:46:05,560 - tensorflow - WARNING - From C:\Users\Admin\AppData\Local\Programs\Python\Python37\lib\site-packages\keras\backend\tensorflow_backend.py:422: The name tf.global_variables is deprecated. Please use tf.compat.v1.global_variables instead.

2021-09-09 18:58:13,426 - pyswarms.discrete.binary - INFO - Optimize for 2 iters with {'c1': 0.5, 'c2': 0.5, 'w': 0.9, 'k': 5, 'p': 2}
2021-09-09 19:01:38,759 - pyswarms.discrete.binary - INFO - Optimization finished | best cost: -0.0068041751137505255, best pos: [1 1 1 ... 1 1 1]
2021-09-09 19:06:10,642 - tensorflow - WARNING - From C:\Users\Admin\AppData\Local\Programs\Python\Python37\lib\site-packages\tensorflow\python\ops\math_grad.py:1250: add_dispatch_support.<locals>.wrapper (from tensorflow.python.ops.array_ops) is deprecated and will be removed in a future version.
Instructions for updating:
Use tf.where in 2.0, which has the same broadcast rule as np.where
2021-09-09 19:06:11,660 - tensorflow - WARNING - From C:\Users\Admin\AppData\Local\Programs\Python\Python37\lib\site-packages\keras\backend\tensorflow_backend.py:422: The name tf.global_variables is deprecated. Please use tf.compat.v1.global_variables instead.

2021-09-09 19:19:27,688 - pyswarms.discrete.binary - INFO - Optimize for 2 iters with {'c1': 0.5, 'c2': 0.5, 'w': 0.9, 'k': 5, 'p': 2}
2021-09-09 19:24:22,746 - pyswarms.discrete.binary - INFO - Optimization finished | best cost: -0.041997214186220946, best pos: [1 0 0 ... 1 0 1]
